<?xml version="1.0" encoding="UTF-8"?>
<coverage generated="1485423962">
  <project timestamp="1485423962">
    <file name="src/Contracts/Hyperlink.php">
      <metrics loc="29" ncloc="8" classes="0" methods="0" coveredmethods="0"
               conditionals="0" coveredconditionals="0" statements="0"
               coveredstatements="0" elements="0" coveredelements="0"/>
    </file>
    <file name="src/Contracts/WikiTextParser.php">
      <metrics loc="24" ncloc="6" classes="0" methods="0" coveredmethods="0"
               conditionals="0" coveredconditionals="0" statements="0"
               coveredstatements="0" elements="0" coveredelements="0"/>
    </file>
    <package name="eidng8\Exceptions">
      <file name="src/Exceptions/EmptyTemplateException.php">
        <class name="EmptyTemplateException" namespace="eidng8\Exceptions">
          <metrics complexity="0" methods="0" coveredmethods="0"
                   conditionals="0" coveredconditionals="0" statements="0"
                   coveredstatements="0" elements="0" coveredelements="0"/>
        </class>
        <metrics loc="16" ncloc="5" classes="0" methods="0" coveredmethods="0"
                 conditionals="0" coveredconditionals="0" statements="0"
                 coveredstatements="0" elements="0" coveredelements="0"/>
      </file>
      <file name="src/Exceptions/InvalidTemplateException.php">
        <class name="InvalidTemplateException" namespace="eidng8\Exceptions">
          <metrics complexity="0" methods="0" coveredmethods="0"
                   conditionals="0" coveredconditionals="0" statements="0"
                   coveredstatements="0" elements="0" coveredelements="0"/>
        </class>
        <metrics loc="16" ncloc="5" classes="0" methods="0" coveredmethods="0"
                 conditionals="0" coveredconditionals="0" statements="0"
                 coveredstatements="0" elements="0" coveredelements="0"/>
      </file>
    </package>
    <package name="eidng8\Log">
      <file name="src/Log/Log.php">
        <class name="Log" namespace="eidng8\Log">
          <metrics complexity="7" methods="6" coveredmethods="6"
                   conditionals="0" coveredconditionals="0" statements="28"
                   coveredstatements="28" elements="34" coveredelements="34"/>
        </class>
        <line num="69" type="method" name="setLevel" visibility="public"
              complexity="1" crap="1" count="4"/>
        <line num="71" type="stmt" count="4"/>
        <line num="72" type="stmt" count="4"/>
        <line num="79" type="method" name="setOutputStream" visibility="public"
              complexity="1" crap="1" count="1"/>
        <line num="81" type="stmt" count="1"/>
        <line num="82" type="stmt" count="1"/>
        <line num="83" type="stmt" count="1"/>
        <line num="85" type="stmt" count="1"/>
        <line num="92" type="method" name="setErrorStream" visibility="public"
              complexity="1" crap="1" count="1"/>
        <line num="94" type="stmt" count="1"/>
        <line num="95" type="stmt" count="1"/>
        <line num="96" type="stmt" count="1"/>
        <line num="98" type="stmt" count="1"/>
        <line num="104" type="method" name="forTest" visibility="public"
              complexity="1" crap="1" count="12"/>
        <line num="106" type="stmt" count="12"/>
        <line num="107" type="stmt" count="12"/>
        <line num="108" type="stmt" count="12"/>
        <line num="110" type="stmt" count="12"/>
        <line num="111" type="stmt" count="12"/>
        <line num="112" type="stmt" count="12"/>
        <line num="114" type="stmt" count="12"/>
        <line num="116" type="method" name="useStdio" visibility="public"
              complexity="1" crap="1" count="1"/>
        <line num="118" type="stmt" count="1"/>
        <line num="119" type="stmt" count="1"/>
        <line num="120" type="stmt" count="1"/>
        <line num="123" type="stmt" count="1"/>
        <line num="124" type="stmt" count="1"/>
        <line num="125" type="stmt" count="1"/>
        <line num="127" type="stmt" count="1"/>
        <line num="132" type="method" name="__callStatic" visibility="public"
              complexity="2" crap="2" count="35"/>
        <line num="134" type="stmt" count="35"/>
        <line num="136" type="stmt" count="35"/>
        <line num="138" type="stmt" count="35"/>
        <line num="139" type="stmt" count="35"/>
        <metrics loc="144" ncloc="67" classes="1" methods="6" coveredmethods="6"
                 conditionals="0" coveredconditionals="0" statements="28"
                 coveredstatements="28" elements="34" coveredelements="34"/>
      </file>
    </package>
    <package name="eidng8\Traits\Wiki">
      <file name="src/Traits/Wiki/Cache.php">
        <class name="Cache" namespace="eidng8\Traits\Wiki">
          <metrics complexity="15" methods="7" coveredmethods="7"
                   conditionals="0" coveredconditionals="0" statements="36"
                   coveredstatements="36" elements="43" coveredelements="43"/>
        </class>
        <line num="47" type="method" name="cacheRoot" visibility="public"
              complexity="2" crap="2" count="30"/>
        <line num="49" type="stmt" count="30"/>
        <line num="50" type="stmt" count="2"/>
        <line num="53" type="stmt" count="29"/>
        <line num="54" type="stmt" count="29"/>
        <line num="56" type="stmt" count="29"/>
        <line num="74" type="method" name="cache" visibility="public"
              complexity="4" crap="4" count="25"/>
        <line num="76" type="stmt" count="25"/>
        <line num="77" type="stmt" count="25"/>
        <line num="79" type="stmt" count="25"/>
        <line num="80" type="stmt" count="25"/>
        <line num="81" type="stmt" count="19"/>
        <line num="82" type="stmt" count="19"/>
        <line num="85" type="stmt" count="7"/>
        <line num="86" type="stmt" count="1"/>
        <line num="87" type="stmt" count="1"/>
        <line num="90" type="stmt" count="6"/>
        <line num="92" type="stmt" count="6"/>
        <line num="93" type="stmt" count="6"/>
        <line num="94" type="stmt" count="3"/>
        <line num="95" type="stmt" count="3"/>
        <line num="98" type="stmt" count="3"/>
        <line num="99" type="stmt" count="3"/>
        <line num="100" type="stmt" count="3"/>
        <line num="102" type="stmt" count="3"/>
        <line num="112" type="method" name="cacheRead" visibility="public"
              complexity="3" crap="3" count="24"/>
        <line num="114" type="stmt" count="24"/>
        <line num="115" type="stmt" count="24"/>
        <line num="117" type="stmt" count="6"/>
        <line num="120" type="stmt" count="19"/>
        <line num="130" type="method" name="cacheCheck" visibility="public"
              complexity="2" crap="2" count="24"/>
        <line num="132" type="stmt" count="24"/>
        <line num="140" type="method" name="cacheCheckDir" visibility="public"
              complexity="2" crap="2" count="7"/>
        <line num="142" type="stmt" count="7"/>
        <line num="143" type="stmt" count="7"/>
        <line num="144" type="stmt" count="3"/>
        <line num="146" type="stmt" count="7"/>
        <line num="156" type="method" name="cacheWrite" visibility="public"
              complexity="1" crap="1" count="3"/>
        <line num="158" type="stmt" count="3"/>
        <line num="162" type="stmt" count="3"/>
        <line num="175" type="method" name="cacheFileName" visibility="public"
              complexity="1" crap="1" count="17"/>
        <line num="177" type="stmt" count="17"/>
        <line num="178" type="stmt" count="17"/>
        <metrics loc="180" ncloc="86" classes="1" methods="7" coveredmethods="7"
                 conditionals="0" coveredconditionals="0" statements="36"
                 coveredstatements="36" elements="43" coveredelements="43"/>
      </file>
      <file name="src/Traits/Wiki/Properties.php">
        <class name="Properties" namespace="eidng8\Traits\Wiki">
          <metrics complexity="14" methods="4" coveredmethods="4"
                   conditionals="0" coveredconditionals="0" statements="30"
                   coveredstatements="30" elements="34" coveredelements="34"/>
        </class>
        <line num="62" type="method" name="properties" visibility="public"
              complexity="2" crap="2" count="13"/>
        <line num="64" type="stmt" count="13"/>
        <line num="65" type="stmt" count="1"/>
        <line num="68" type="stmt" count="13"/>
        <line num="69" type="stmt" count="13"/>
        <line num="71" type="stmt" count="13"/>
        <line num="81" type="method" name="hasProperty" visibility="public"
              complexity="4" crap="4" count="4"/>
        <line num="83" type="stmt" count="4"/>
        <line num="85" type="stmt" count="4"/>
        <line num="86" type="stmt" count="4"/>
        <line num="87" type="stmt" count="3"/>
        <line num="88" type="stmt" count="4"/>
        <line num="96" type="method" name="addProperty" visibility="public"
              complexity="3" crap="3" count="3"/>
        <line num="98" type="stmt" count="3"/>
        <line num="99" type="stmt" count="3"/>
        <line num="100" type="stmt" count="2"/>
        <line num="101" type="stmt" count="1"/>
        <line num="103" type="stmt" count="3"/>
        <line num="104" type="stmt" count="3"/>
        <line num="105" type="stmt" count="3"/>
        <line num="106" type="stmt" count="3"/>
        <line num="113" type="method" name="removeProperty" visibility="public"
              complexity="5" crap="5" count="2"/>
        <line num="115" type="stmt" count="2"/>
        <line num="116" type="stmt" count="2"/>
        <line num="117" type="stmt" count="1"/>
        <line num="120" type="stmt" count="2"/>
        <line num="121" type="stmt" count="1"/>
        <line num="122" type="stmt" count="1"/>
        <line num="125" type="stmt" count="1"/>
        <line num="128" type="stmt" count="1"/>
        <line num="129" type="stmt" count="1"/>
        <line num="130" type="stmt" count="1"/>
        <line num="131" type="stmt" count="1"/>
        <line num="133" type="stmt" count="1"/>
        <metrics loc="134" ncloc="64" classes="1" methods="4" coveredmethods="4"
                 conditionals="0" coveredconditionals="0" statements="30"
                 coveredstatements="30" elements="34" coveredelements="34"/>
      </file>
      <file name="src/Traits/Wiki/Request.php">
        <class name="Request" namespace="eidng8\Traits\Wiki">
          <metrics complexity="16" methods="6" coveredmethods="6"
                   conditionals="0" coveredconditionals="0" statements="26"
                   coveredstatements="26" elements="32" coveredelements="32"/>
        </class>
        <line num="32" type="method" name="options" visibility="public"
              complexity="4" crap="4" count="4"/>
        <line num="34" type="stmt" count="4"/>
        <line num="35" type="stmt" count="3"/>
        <line num="43" type="stmt" count="3"/>
        <line num="44" type="stmt" count="3"/>
        <line num="45" type="stmt" count="2"/>
        <line num="47" type="stmt" count="1"/>
        <line num="50" type="stmt" count="3"/>
        <line num="56" type="method" name="clearOptions" visibility="public"
              complexity="1" crap="1" count="1"/>
        <line num="58" type="stmt" count="1"/>
        <line num="59" type="stmt" count="1"/>
        <line num="69" type="method" name="option" visibility="public"
              complexity="4" crap="4" count="35"/>
        <line num="71" type="stmt" count="35"/>
        <line num="72" type="stmt" count="30"/>
        <line num="75" type="stmt" count="33"/>
        <line num="76" type="stmt" count="33"/>
        <line num="77" type="stmt" count="21"/>
        <line num="80" type="stmt" count="33"/>
        <line num="82" type="stmt" count="33"/>
        <line num="92" type="method" name="hasOption" visibility="public"
              complexity="2" crap="2" count="39"/>
        <line num="94" type="stmt" count="39"/>
        <line num="102" type="method" name="removeOption" visibility="public"
              complexity="2" crap="2" count="2"/>
        <line num="104" type="stmt" count="2"/>
        <line num="105" type="stmt" count="2"/>
        <line num="107" type="stmt" count="2"/>
        <line num="114" type="method" name="optionsToParameters"
              visibility="public" complexity="3" crap="3" count="23"/>
        <line num="116" type="stmt" count="23"/>
        <line num="117" type="stmt" count="23"/>
        <line num="118" type="stmt" count="23"/>
        <line num="119" type="stmt" count="23"/>
        <line num="121" type="stmt" count="23"/>
        <line num="125" type="stmt" count="23"/>
        <metrics loc="127" ncloc="52" classes="1" methods="6" coveredmethods="6"
                 conditionals="0" coveredconditionals="0" statements="26"
                 coveredstatements="26" elements="32" coveredelements="32"/>
      </file>
    </package>
    <package name="eidng8\Traits\Wiki\Extractor">
      <file name="src/Traits/Wiki/Extractor/TableExtractor.php">
        <class name="TableExtractor" namespace="eidng8\Traits\Wiki\Extractor">
          <metrics complexity="10" methods="4" coveredmethods="4"
                   conditionals="0" coveredconditionals="0" statements="14"
                   coveredstatements="14" elements="18" coveredelements="18"/>
        </class>
        <line num="35" type="method" name="numTables" visibility="public"
              complexity="2" crap="2" count="4"/>
        <line num="37" type="stmt" count="4"/>
        <line num="45" type="method" name="tablesExtracted" visibility="public"
              complexity="3" crap="3" count="15"/>
        <line num="47" type="stmt" count="15"/>
        <line num="48" type="stmt" count="1"/>
        <line num="51" type="stmt" count="14"/>
        <line num="52" type="stmt" count="10"/>
        <line num="55" type="stmt" count="14"/>
        <line num="63" type="method" name="tables" visibility="public"
              complexity="3" crap="3" count="13"/>
        <line num="65" type="stmt" count="13"/>
        <line num="66" type="stmt" count="11"/>
        <line num="70" type="stmt" count="13"/>
        <line num="71" type="stmt" count="13"/>
        <line num="72" type="stmt" count="13"/>
        <line num="73" type="stmt" count="13"/>
        <line num="75" type="stmt" count="13"/>
        <line num="84" type="method" name="table" visibility="public"
              complexity="2" crap="2" count="11"/>
        <line num="86" type="stmt" count="11"/>
        <metrics loc="88" ncloc="36" classes="1" methods="4" coveredmethods="4"
                 conditionals="0" coveredconditionals="0" statements="14"
                 coveredstatements="14" elements="18" coveredelements="18"/>
      </file>
    </package>
    <package name="eidng8">
      <file name="src/Wiki.php">
        <class name="Wiki" namespace="eidng8">
          <metrics complexity="4" methods="2" coveredmethods="2"
                   conditionals="0" coveredconditionals="0" statements="16"
                   coveredstatements="16" elements="18" coveredelements="18"/>
        </class>
        <line num="39" type="method" name="crew" visibility="public"
              complexity="2" crap="2" count="8"/>
        <line num="41" type="stmt" count="8"/>
        <line num="42" type="stmt" count="1"/>
        <line num="45" type="stmt" count="8"/>
        <line num="46" type="stmt" count="8"/>
        <line num="47" type="stmt" count="8"/>
        <line num="48" type="stmt" count="8"/>
        <line num="50" type="stmt" count="8"/>
        <line num="51" type="stmt" count="8"/>
        <line num="59" type="method" name="missions" visibility="public"
              complexity="2" crap="2" count="7"/>
        <line num="61" type="stmt" count="7"/>
        <line num="62" type="stmt" count="3"/>
        <line num="65" type="stmt" count="7"/>
        <line num="66" type="stmt" count="7"/>
        <line num="67" type="stmt" count="7"/>
        <line num="68" type="stmt" count="7"/>
        <line num="71" type="stmt" count="7"/>
        <line num="73" type="stmt" count="7"/>
        <metrics loc="75" ncloc="40" classes="1" methods="2" coveredmethods="2"
                 conditionals="0" coveredconditionals="0" statements="16"
                 coveredstatements="16" elements="18" coveredelements="18"/>
      </file>
    </package>
    <package name="eidng8\Wiki">
      <file name="src/Wiki/Analyst.php">
        <class name="Analyst" namespace="eidng8\Wiki">
          <metrics complexity="39" methods="12" coveredmethods="12"
                   conditionals="0" coveredconditionals="0" statements="85"
                   coveredstatements="85" elements="97" coveredelements="97"/>
        </class>
        <line num="46" type="method" name="__construct" visibility="public"
              complexity="1" crap="1" count="3"/>
        <line num="48" type="stmt" count="3"/>
        <line num="49" type="stmt" count="3"/>
        <line num="51" type="stmt" count="3"/>
        <line num="58" type="method" name="getBestCrew" visibility="public"
              complexity="1" crap="1" count="3"/>
        <line num="60" type="stmt" count="3"/>
        <line num="69" type="method" name="crossRating" visibility="public"
              complexity="2" crap="2" count="1"/>
        <line num="71" type="stmt" count="1"/>
        <line num="74" type="stmt" count="1"/>
        <line num="76" type="stmt" count="1"/>
        <line num="77" type="stmt" count="1"/>
        <line num="79" type="stmt" count="1"/>
        <line num="82" type="stmt" count="1"/>
        <line num="83" type="stmt" count="1"/>
        <line num="84" type="stmt" count="1"/>
        <line num="94" type="method" name="rateStep" visibility="public"
              complexity="2" crap="2" count="3"/>
        <line num="98" type="stmt" count="3"/>
        <line num="100" type="stmt" count="3"/>
        <line num="101" type="stmt" count="2"/>
        <line num="103" type="stmt" count="2"/>
        <line num="105" type="stmt" count="3"/>
        <line num="108" type="stmt" count="3"/>
        <line num="118" type="method" name="rateCadetCrew" visibility="private"
              complexity="3" crap="3" count="2"/>
        <line num="120" type="stmt" count="2"/>
        <line num="121" type="stmt" count="2"/>
        <line num="122" type="stmt" count="2"/>
        <line num="123" type="stmt" count="2"/>
        <line num="124" type="stmt" count="1"/>
        <line num="125" type="stmt" count="1"/>
        <line num="133" type="stmt" count="2"/>
        <line num="143" type="method" name="rateCrew" visibility="private"
              complexity="4" crap="4" count="2"/>
        <line num="145" type="stmt" count="2"/>
        <line num="146" type="stmt" count="2"/>
        <line num="147" type="stmt" count="2"/>
        <line num="148" type="stmt" count="2"/>
        <line num="153" type="stmt" count="2"/>
        <line num="154" type="stmt" count="1"/>
        <line num="155" type="stmt" count="1"/>
        <line num="156" type="stmt" count="2"/>
        <line num="158" type="stmt" count="2"/>
        <line num="159" type="stmt" count="2"/>
        <line num="160" type="stmt" count="2"/>
        <line num="161" type="stmt" count="2"/>
        <line num="163" type="stmt" count="2"/>
        <line num="168" type="method" name="bestCrew" visibility="public"
              complexity="2" crap="2" count="1"/>
        <line num="170" type="stmt" count="1"/>
        <line num="172" type="stmt" count="1"/>
        <line num="174" type="stmt" count="1"/>
        <line num="175" type="stmt" count="1"/>
        <line num="177" type="stmt" count="1"/>
        <line num="180" type="stmt" count="1"/>
        <line num="181" type="stmt" count="1"/>
        <line num="182" type="stmt" count="1"/>
        <line num="195" type="method" name="stepBestCrew" visibility="public"
              complexity="6" crap="6" count="3"/>
        <line num="204" type="stmt" count="3"/>
        <line num="207" type="stmt" count="3"/>
        <line num="209" type="stmt" count="3"/>
        <line num="211" type="stmt" count="1"/>
        <line num="212" type="stmt" count="1"/>
        <line num="213" type="stmt" count="1"/>
        <line num="216" type="stmt" count="1"/>
        <line num="217" type="stmt" count="1"/>
        <line num="220" type="stmt" count="1"/>
        <line num="225" type="stmt" count="3"/>
        <line num="227" type="stmt" count="3"/>
        <line num="228" type="stmt" count="3"/>
        <line num="233" type="stmt" count="1"/>
        <line num="234" type="stmt" count="1"/>
        <line num="240" type="stmt" count="3"/>
        <line num="244" type="stmt" count="3"/>
        <line num="245" type="stmt" count="2"/>
        <line num="246" type="stmt" count="3"/>
        <line num="247" type="stmt" count="3"/>
        <line num="250" type="stmt" count="3"/>
        <line num="252" type="stmt" count="3"/>
        <line num="262" type="method" name="bestMember" visibility="private"
              complexity="8" crap="8" count="3"/>
        <line num="268" type="stmt" count="3"/>
        <line num="270" type="method" name="anonymous function" complexity="8"
              crap="8" count="3"/>
        <line num="271" type="stmt" count="3"/>
        <line num="272" type="stmt" count="3"/>
        <line num="273" type="stmt" count="3"/>
        <line num="275" type="stmt" count="3"/>
        <line num="276" type="stmt" count="3"/>
        <line num="277" type="stmt" count="3"/>
        <line num="279" type="stmt" count="3"/>
        <line num="283" type="stmt" count="3"/>
        <line num="284" type="stmt" count="3"/>
        <line num="285" type="stmt" count="3"/>
        <line num="286" type="stmt" count="3"/>
        <line num="288" type="stmt" count="2"/>
        <line num="290" type="stmt" count="3"/>
        <line num="293" type="stmt" count="3"/>
        <line num="294" type="stmt" count="3"/>
        <line num="302" type="method" name="getMissions" visibility="public"
              complexity="1" crap="1" count="1"/>
        <line num="304" type="stmt" count="1"/>
        <line num="310" type="method" name="getCrew" visibility="public"
              complexity="1" crap="1" count="1"/>
        <line num="312" type="stmt" count="1"/>
        <metrics loc="314" ncloc="156" classes="1" methods="12"
                 coveredmethods="12" conditionals="0" coveredconditionals="0"
                 statements="85" coveredstatements="85" elements="97"
                 coveredelements="97"/>
      </file>
      <file name="src/Wiki/Template.php">
        <class name="Template" namespace="eidng8\Wiki">
          <metrics complexity="11" methods="8" coveredmethods="8"
                   conditionals="0" coveredconditionals="0" statements="28"
                   coveredstatements="28" elements="36" coveredelements="36"/>
        </class>
        <line num="70" type="method" name="__construct" visibility="public"
              complexity="2" crap="2" count="38"/>
        <line num="75" type="stmt" count="38"/>
        <line num="76" type="stmt" count="38"/>
        <line num="77" type="stmt" count="22"/>
        <line num="79" type="stmt" count="38"/>
        <line num="80" type="stmt" count="37"/>
        <line num="87" type="method" name="parse" visibility="public"
              complexity="1" crap="1" count="22"/>
        <line num="89" type="stmt" count="22"/>
        <line num="91" type="stmt" count="22"/>
        <line num="99" type="method" name="regex" visibility="protected"
              complexity="1" crap="1" count="16"/>
        <line num="101" type="stmt" count="16"/>
        <line num="111" type="method" name="explode" visibility="public"
              complexity="1" crap="1" count="18"/>
        <line num="113" type="stmt" count="18"/>
        <line num="115" type="stmt" count="18"/>
        <line num="116" type="stmt" count="18"/>
        <line num="118" type="method" name="anonymous function" complexity="1"
              crap="1" count="18"/>
        <line num="119" type="stmt" count="18"/>
        <line num="120" type="stmt" count="18"/>
        <line num="122" type="stmt" count="18"/>
        <line num="124" type="stmt" count="18"/>
        <line num="136" type="method" name="load" visibility="public"
              complexity="2" crap="2" count="25"/>
        <line num="142" type="stmt" count="25"/>
        <line num="143" type="stmt" count="1"/>
        <line num="144" type="stmt" count="1"/>
        <line num="147" type="stmt" count="1"/>
        <line num="155" type="method" name="get" visibility="public"
              complexity="1" crap="1" count="23"/>
        <line num="157" type="stmt" count="23"/>
        <line num="168" type="method" name="sections" visibility="public"
              complexity="2" crap="2" count="12"/>
        <line num="170" type="stmt" count="12"/>
        <line num="171" type="stmt" count="12"/>
        <line num="175" type="stmt" count="12"/>
        <line num="177" type="stmt" count="12"/>
        <line num="178" type="stmt" count="12"/>
        <line num="179" type="stmt" count="12"/>
        <line num="180" type="stmt" count="12"/>
        <line num="181" type="stmt" count="12"/>
        <line num="183" type="stmt" count="12"/>
        <line num="185" type="stmt" count="12"/>
        <metrics loc="187" ncloc="99" classes="1" methods="8" coveredmethods="8"
                 conditionals="0" coveredconditionals="0" statements="30"
                 coveredstatements="30" elements="38" coveredelements="38"/>
      </file>
      <file name="src/Wiki/WikiBase.php">
        <class name="WikiBase" namespace="eidng8\Wiki">
          <metrics complexity="1" methods="1" coveredmethods="1"
                   conditionals="0" coveredconditionals="0" statements="4"
                   coveredstatements="4" elements="5" coveredelements="5"/>
        </class>
        <line num="48" type="method" name="__construct" visibility="public"
              complexity="1" crap="1" count="9"/>
        <line num="53" type="stmt" count="9"/>
        <line num="54" type="stmt" count="9"/>
        <line num="55" type="stmt" count="9"/>
        <line num="56" type="stmt" count="9"/>
        <metrics loc="57" ncloc="22" classes="1" methods="1" coveredmethods="1"
                 conditionals="0" coveredconditionals="0" statements="4"
                 coveredstatements="4" elements="5" coveredelements="5"/>
      </file>
    </package>
    <package name="eidng8\Wiki\Api">
      <file name="src/Wiki/Api/Api.php">
        <class name="Api" namespace="eidng8\Wiki\Api">
          <metrics complexity="10" methods="4" coveredmethods="4"
                   conditionals="0" coveredconditionals="0" statements="15"
                   coveredstatements="15" elements="19" coveredelements="19"/>
        </class>
        <line num="57" type="method" name="__construct" visibility="public"
              complexity="1" crap="1" count="10"/>
        <line num="59" type="stmt" count="10"/>
        <line num="60" type="stmt" count="10"/>
        <line num="61" type="stmt" count="10"/>
        <line num="71" type="method" name="parse" visibility="public"
              complexity="3" crap="3" count="6"/>
        <line num="73" type="stmt" count="6"/>
        <line num="74" type="stmt" count="6"/>
        <line num="77" type="stmt" count="6"/>
        <line num="79" type="stmt" count="6"/>
        <line num="90" type="method" name="query" visibility="public"
              complexity="3" crap="3" count="6"/>
        <line num="92" type="stmt" count="6"/>
        <line num="93" type="stmt" count="6"/>
        <line num="96" type="stmt" count="6"/>
        <line num="98" type="stmt" count="6"/>
        <line num="109" type="method" name="expandTemplates" visibility="public"
              complexity="3" crap="3" count="4"/>
        <line num="111" type="stmt" count="4"/>
        <line num="112" type="stmt" count="4"/>
        <line num="115" type="stmt" count="4"/>
        <line num="117" type="stmt" count="4"/>
        <metrics loc="119" ncloc="45" classes="1" methods="4" coveredmethods="4"
                 conditionals="0" coveredconditionals="0" statements="15"
                 coveredstatements="15" elements="19" coveredelements="19"/>
      </file>
      <file name="src/Wiki/Api/ExpandTemplates.php">
        <class name="ExpandTemplates" namespace="eidng8\Wiki\Api">
          <metrics complexity="8" methods="4" coveredmethods="4"
                   conditionals="0" coveredconditionals="0" statements="15"
                   coveredstatements="15" elements="19" coveredelements="19"/>
        </class>
        <line num="40" type="method" name="__construct" visibility="public"
              complexity="1" crap="1" count="6"/>
        <line num="42" type="stmt" count="6"/>
        <line num="43" type="stmt" count="6"/>
        <line num="44" type="stmt" count="6"/>
        <line num="49" type="method" name="resetOptions" visibility="public"
              complexity="1" crap="1" count="6"/>
        <line num="51" type="stmt" count="6"/>
        <line num="52" type="stmt" count="6"/>
        <line num="63" type="method" name="get" visibility="public"
              complexity="5" crap="5" count="11"/>
        <line num="65" type="stmt" count="11"/>
        <line num="66" type="stmt" count="1"/>
        <line num="69" type="stmt" count="11"/>
        <line num="70" type="stmt" count="11"/>
        <line num="71" type="stmt" count="11"/>
        <line num="73" type="stmt" count="11"/>
        <line num="74" type="stmt" count="1"/>
        <line num="77" type="stmt" count="10"/>
        <line num="79" type="stmt" count="10"/>
        <line num="87" type="method" name="fetch" visibility="public"
              complexity="1" crap="1" count="1"/>
        <line num="89" type="stmt" count="1"/>
        <metrics loc="91" ncloc="40" classes="1" methods="4" coveredmethods="4"
                 conditionals="0" coveredconditionals="0" statements="15"
                 coveredstatements="15" elements="19" coveredelements="19"/>
      </file>
      <file name="src/Wiki/Api/Http.php">
        <class name="Http" namespace="eidng8\Wiki\Api">
          <metrics complexity="7" methods="7" coveredmethods="7"
                   conditionals="0" coveredconditionals="0" statements="22"
                   coveredstatements="22" elements="29" coveredelements="29"/>
        </class>
        <line num="33" type="method" name="__construct" visibility="public"
              complexity="1" crap="1" count="30"/>
        <line num="35" type="stmt" count="30"/>
        <line num="36" type="stmt" count="30"/>
        <line num="45" type="method" name="createClient" visibility="protected"
              complexity="1" crap="1" count="30"/>
        <line num="48" type="stmt" count="30"/>
        <line num="51" type="stmt" count="30"/>
        <line num="52" type="stmt" count="30"/>
        <line num="53" type="stmt" count="30"/>
        <line num="54" type="stmt" count="30"/>
        <line num="58" type="stmt" count="30"/>
        <line num="59" type="stmt" count="30"/>
        <line num="68" type="method" name="shouldRespond" visibility="public"
              complexity="1" crap="1" count="20"/>
        <line num="70" type="stmt" count="20"/>
        <line num="71" type="stmt" count="20"/>
        <line num="72" type="stmt" count="20"/>
        <line num="75" type="stmt" count="20"/>
        <line num="85" type="method" name="parse" visibility="public"
              complexity="1" crap="1" count="2"/>
        <line num="87" type="stmt" count="2"/>
        <line num="89" type="stmt" count="2"/>
        <line num="99" type="method" name="get" visibility="public"
              complexity="1" crap="1" count="4"/>
        <line num="101" type="stmt" count="4"/>
        <line num="103" type="stmt" count="4"/>
        <line num="105" type="stmt" count="4"/>
        <line num="115" type="method" name="query" visibility="public"
              complexity="1" crap="1" count="1"/>
        <line num="117" type="stmt" count="1"/>
        <line num="119" type="stmt" count="1"/>
        <line num="129" type="method" name="expandTemplates" visibility="public"
              complexity="1" crap="1" count="1"/>
        <line num="131" type="stmt" count="1"/>
        <line num="133" type="stmt" count="1"/>
        <metrics loc="135" ncloc="52" classes="1" methods="7" coveredmethods="7"
                 conditionals="0" coveredconditionals="0" statements="22"
                 coveredstatements="22" elements="29" coveredelements="29"/>
      </file>
      <file name="src/Wiki/Api/Parse.php">
        <class name="Parse" namespace="eidng8\Wiki\Api">
          <metrics complexity="34" methods="14" coveredmethods="14"
                   conditionals="0" coveredconditionals="0" statements="76"
                   coveredstatements="76" elements="90" coveredelements="90"/>
        </class>
        <line num="87" type="method" name="__construct" visibility="public"
              complexity="1" crap="1" count="20"/>
        <line num="89" type="stmt" count="20"/>
        <line num="90" type="stmt" count="20"/>
        <line num="91" type="stmt" count="20"/>
        <line num="96" type="method" name="resetOptions" visibility="public"
              complexity="1" crap="1" count="30"/>
        <line num="99" type="stmt" count="30"/>
        <line num="100" type="stmt" count="30"/>
        <line num="101" type="stmt" count="30"/>
        <line num="103" type="stmt" count="30"/>
        <line num="109" type="stmt" count="30"/>
        <line num="116" type="method" name="followRedirects" visibility="public"
              complexity="3" crap="3" count="1"/>
        <line num="118" type="stmt" count="1"/>
        <line num="119" type="stmt" count="1"/>
        <line num="120" type="stmt" count="1"/>
        <line num="121" type="stmt" count="1"/>
        <line num="123" type="stmt" count="1"/>
        <line num="130" type="method" name="toc" visibility="public"
              complexity="3" crap="3" count="1"/>
        <line num="132" type="stmt" count="1"/>
        <line num="133" type="stmt" count="1"/>
        <line num="134" type="stmt" count="1"/>
        <line num="135" type="stmt" count="1"/>
        <line num="137" type="stmt" count="1"/>
        <line num="145" type="method" name="page" visibility="public"
              complexity="4" crap="4" count="19"/>
        <line num="147" type="stmt" count="19"/>
        <line num="148" type="stmt" count="19"/>
        <line num="150" type="stmt" count="1"/>
        <line num="151" type="stmt" count="1"/>
        <line num="155" type="stmt" count="18"/>
        <line num="156" type="stmt" count="18"/>
        <line num="157" type="stmt" count="16"/>
        <line num="159" type="stmt" count="18"/>
        <line num="166" type="method" name="section" visibility="public"
              complexity="1" crap="1" count="17"/>
        <line num="168" type="stmt" count="17"/>
        <line num="169" type="stmt" count="17"/>
        <line num="177" type="method" name="text" visibility="public"
              complexity="2" crap="2" count="3"/>
        <line num="179" type="stmt" count="3"/>
        <line num="180" type="stmt" count="1"/>
        <line num="181" type="stmt" count="1"/>
        <line num="184" type="stmt" count="2"/>
        <line num="185" type="stmt" count="2"/>
        <line num="186" type="stmt" count="2"/>
        <line num="191" type="method" name="properties" visibility="public"
              complexity="1" crap="1" count="1"/>
        <line num="194" type="stmt" count="1"/>
        <line num="204" type="method" name="get" visibility="public"
              complexity="5" crap="5" count="17"/>
        <line num="206" type="stmt" count="17"/>
        <line num="207" type="stmt" count="2"/>
        <line num="210" type="stmt" count="17"/>
        <line num="211" type="stmt" count="17"/>
        <line num="212" type="stmt" count="17"/>
        <line num="214" type="stmt" count="17"/>
        <line num="215" type="stmt" count="17"/>
        <line num="217" type="stmt" count="17"/>
        <line num="218" type="stmt" count="1"/>
        <line num="221" type="stmt" count="16"/>
        <line num="222" type="stmt" count="16"/>
        <line num="223" type="stmt" count="16"/>
        <line num="224" type="stmt" count="16"/>
        <line num="226" type="stmt" count="16"/>
        <line num="227" type="stmt" count="16"/>
        <line num="228" type="stmt" count="16"/>
        <line num="230" type="stmt" count="16"/>
        <line num="232" type="stmt" count="16"/>
        <line num="242" type="method" name="mapLinks" visibility="public"
              complexity="3" crap="3" count="17"/>
        <line num="244" type="stmt" count="17"/>
        <line num="245" type="stmt" count="17"/>
        <line num="246" type="stmt" count="17"/>
        <line num="247" type="stmt" count="17"/>
        <line num="251" type="stmt" count="17"/>
        <line num="261" type="method" name="mapImages" visibility="public"
              complexity="2" crap="2" count="17"/>
        <line num="263" type="stmt" count="17"/>
        <line num="264" type="stmt" count="17"/>
        <line num="265" type="stmt" count="17"/>
        <line num="268" type="stmt" count="17"/>
        <line num="278" type="method" name="mapTemplates" visibility="public"
              complexity="3" crap="3" count="17"/>
        <line num="280" type="stmt" count="17"/>
        <line num="281" type="stmt" count="17"/>
        <line num="282" type="stmt" count="17"/>
        <line num="283" type="stmt" count="17"/>
        <line num="287" type="stmt" count="17"/>
        <line num="298" type="method" name="interpolate" visibility="private"
              complexity="3" crap="3" count="16"/>
        <line num="300" type="stmt" count="16"/>
        <line num="301" type="stmt" count="16"/>
        <line num="302" type="stmt" count="16"/>
        <line num="303" type="stmt" count="16"/>
        <line num="304" type="stmt" count="16"/>
        <line num="307" type="stmt" count="16"/>
        <line num="309" type="stmt" count="16"/>
        <line num="317" type="method" name="fetch" visibility="public"
              complexity="2" crap="2" count="2"/>
        <line num="319" type="stmt" count="2"/>
        <line num="321" type="stmt" count="2"/>
        <metrics loc="323" ncloc="155" classes="1" methods="14"
                 coveredmethods="14" conditionals="0" coveredconditionals="0"
                 statements="76" coveredstatements="76" elements="90"
                 coveredelements="90"/>
      </file>
      <file name="src/Wiki/Api/Query.php">
        <class name="Query" namespace="eidng8\Wiki\Api">
          <metrics complexity="14" methods="6" coveredmethods="6"
                   conditionals="0" coveredconditionals="0" statements="38"
                   coveredstatements="38" elements="44" coveredelements="44"/>
        </class>
        <line num="75" type="method" name="__construct" visibility="public"
              complexity="1" crap="1" count="10"/>
        <line num="77" type="stmt" count="10"/>
        <line num="78" type="stmt" count="10"/>
        <line num="79" type="stmt" count="10"/>
        <line num="84" type="method" name="resetOptions" visibility="public"
              complexity="1" crap="1" count="10"/>
        <line num="86" type="stmt" count="10"/>
        <line num="87" type="stmt" count="10"/>
        <line num="88" type="stmt" count="10"/>
        <line num="89" type="stmt" count="10"/>
        <line num="90" type="stmt" count="10"/>
        <line num="91" type="stmt" count="10"/>
        <line num="93" type="stmt" count="10"/>
        <line num="100" type="method" name="titles" visibility="public"
              complexity="2" crap="2" count="1"/>
        <line num="103" type="stmt" count="1"/>
        <line num="104" type="stmt" count="1"/>
        <line num="107" type="stmt" count="1"/>
        <line num="108" type="stmt" count="1"/>
        <line num="117" type="method" name="thumbnails" visibility="public"
              complexity="5" crap="5" count="12"/>
        <line num="120" type="stmt" count="12"/>
        <line num="121" type="stmt" count="1"/>
        <line num="124" type="stmt" count="11"/>
        <line num="125" type="stmt" count="11"/>
        <line num="126" type="stmt" count="11"/>
        <line num="129" type="stmt" count="11"/>
        <line num="130" type="stmt" count="11"/>
        <line num="131" type="stmt" count="11"/>
        <line num="132" type="stmt" count="11"/>
        <line num="133" type="stmt" count="11"/>
        <line num="134" type="stmt" count="1"/>
        <line num="137" type="stmt" count="10"/>
        <line num="138" type="stmt" count="10"/>
        <line num="139" type="stmt" count="10"/>
        <line num="140" type="stmt" count="10"/>
        <line num="143" type="stmt" count="10"/>
        <line num="154" type="method" name="get" visibility="public"
              complexity="4" crap="4" count="11"/>
        <line num="156" type="stmt" count="11"/>
        <line num="157" type="stmt" count="1"/>
        <line num="160" type="stmt" count="11"/>
        <line num="161" type="stmt" count="11"/>
        <line num="163" type="stmt" count="11"/>
        <line num="164" type="stmt" count="1"/>
        <line num="167" type="stmt" count="10"/>
        <line num="175" type="method" name="fetch" visibility="public"
              complexity="1" crap="1" count="1"/>
        <line num="177" type="stmt" count="1"/>
        <metrics loc="179" ncloc="80" classes="1" methods="6" coveredmethods="6"
                 conditionals="0" coveredconditionals="0" statements="38"
                 coveredstatements="38" elements="44" coveredelements="44"/>
      </file>
    </package>
    <package name="eidng8\Wiki\Models">
      <file name="src/Wiki/Models/CrewMember.php">
        <class name="CrewMember" namespace="eidng8\Wiki\Models">
          <metrics complexity="56" methods="25" coveredmethods="25"
                   conditionals="0" coveredconditionals="0" statements="107"
                   coveredstatements="107" elements="132"
                   coveredelements="132"/>
        </class>
        <line num="98" type="method" name="__construct" visibility="public"
              complexity="4" crap="4" count="10"/>
        <line num="100" type="stmt" count="10"/>
        <line num="101" type="stmt" count="9"/>
        <line num="103" type="stmt" count="9"/>
        <line num="106" type="stmt" count="1"/>
        <line num="107" type="stmt" count="1"/>
        <line num="108" type="stmt" count="1"/>
        <line num="110" type="stmt" count="1"/>
        <line num="113" type="stmt" count="1"/>
        <line num="120" type="method" name="thumbnail" visibility="public"
              complexity="1" crap="1" count="1"/>
        <line num="122" type="stmt" count="1"/>
        <line num="132" type="method" name="canUnlock" visibility="public"
              complexity="4" crap="4" count="2"/>
        <line num="134" type="stmt" count="2"/>
        <line num="135" type="stmt" count="2"/>
        <line num="136" type="stmt" count="2"/>
        <line num="138" type="stmt" count="1"/>
        <line num="139" type="stmt" count="1"/>
        <line num="140" type="stmt" count="1"/>
        <line num="144" type="stmt" count="2"/>
        <line num="154" type="method" name="hasTraits" visibility="public"
              complexity="3" crap="3" count="7"/>
        <line num="156" type="stmt" count="7"/>
        <line num="157" type="stmt" count="7"/>
        <line num="160" type="stmt" count="1"/>
        <line num="172" type="method" name="canPassCadet" visibility="public"
              complexity="2" crap="2" count="3"/>
        <line num="174" type="stmt" count="3"/>
        <line num="184" type="method" name="eligible" visibility="public"
              complexity="2" crap="2" count="3"/>
        <line num="186" type="stmt" count="3"/>
        <line num="187" type="stmt" count="3"/>
        <line num="200" type="method" name="canPass" visibility="public"
              complexity="4" crap="4" count="6"/>
        <line num="202" type="stmt" count="6"/>
        <line num="203" type="stmt" count="6"/>
        <line num="204" type="stmt" count="6"/>
        <line num="205" type="stmt" count="6"/>
        <line num="208" type="stmt" count="6"/>
        <line num="218" type="stmt" count="6"/>
        <line num="220" type="stmt" count="6"/>
        <line num="221" type="stmt" count="6"/>
        <line num="224" type="stmt" count="3"/>
        <line num="234" type="method" name="hasSkill" visibility="public"
              complexity="1" crap="1" count="6"/>
        <line num="236" type="stmt" count="6"/>
        <line num="247" type="method" name="traitBonus" visibility="public"
              complexity="4" crap="4" count="6"/>
        <line num="249" type="stmt" count="6"/>
        <line num="250" type="stmt" count="4"/>
        <line num="252" type="stmt" count="6"/>
        <line num="253" type="stmt" count="6"/>
        <line num="254" type="stmt" count="6"/>
        <line num="257" type="stmt" count="6"/>
        <line num="267" type="method" name="canCriticalCadet"
              visibility="public" complexity="2" crap="2" count="2"/>
        <line num="269" type="stmt" count="2"/>
        <line num="279" type="method" name="canCritical" visibility="public"
              complexity="1" crap="1" count="3"/>
        <line num="281" type="stmt" count="3"/>
        <line num="300" type="method" name="uri" visibility="public"
              complexity="1" crap="1" count="1"/>
        <line num="302" type="stmt" count="1"/>
        <line num="308" type="method" name="page" visibility="public"
              complexity="1" crap="1" count="1"/>
        <line num="310" type="stmt" count="1"/>
        <line num="316" type="method" name="toArray" visibility="public"
              complexity="1" crap="1" count="3"/>
        <line num="319" type="stmt" count="3"/>
        <line num="320" type="stmt" count="3"/>
        <line num="321" type="stmt" count="3"/>
        <line num="322" type="stmt" count="3"/>
        <line num="323" type="stmt" count="3"/>
        <line num="324" type="stmt" count="3"/>
        <line num="325" type="stmt" count="3"/>
        <line num="326" type="stmt" count="3"/>
        <line num="327" type="stmt" count="3"/>
        <line num="334" type="method" name="offsetExists" visibility="public"
              complexity="4" crap="4" count="2"/>
        <line num="337" type="stmt" count="2"/>
        <line num="338" type="stmt" count="1"/>
        <line num="339" type="stmt" count="2"/>
        <line num="340" type="stmt" count="1"/>
        <line num="343" type="stmt" count="2"/>
        <line num="344" type="stmt" count="1"/>
        <line num="347" type="stmt" count="2"/>
        <line num="353" type="method" name="offsetGet" visibility="public"
              complexity="4" crap="4" count="2"/>
        <line num="356" type="stmt" count="2"/>
        <line num="357" type="stmt" count="2"/>
        <line num="358" type="stmt" count="2"/>
        <line num="359" type="stmt" count="2"/>
        <line num="362" type="stmt" count="2"/>
        <line num="363" type="stmt" count="2"/>
        <line num="366" type="stmt" count="2"/>
        <line num="372" type="method" name="offsetSet" visibility="public"
              complexity="5" crap="5" count="10"/>
        <line num="374" type="stmt" count="10"/>
        <line num="375" type="stmt" count="10"/>
        <line num="376" type="stmt" count="9"/>
        <line num="377" type="stmt" count="9"/>
        <line num="379" type="stmt" count="10"/>
        <line num="381" type="stmt" count="9"/>
        <line num="383" type="stmt" count="9"/>
        <line num="384" type="stmt" count="9"/>
        <line num="386" type="stmt" count="10"/>
        <line num="387" type="stmt" count="10"/>
        <line num="388" type="stmt" count="10"/>
        <line num="391" type="stmt" count="10"/>
        <line num="392" type="stmt" count="9"/>
        <line num="394" type="stmt" count="10"/>
        <line num="397" type="stmt" count="10"/>
        <line num="402" type="method" name="parseName" visibility="protected"
              complexity="2" crap="2" count="9"/>
        <line num="404" type="stmt" count="9"/>
        <line num="406" type="stmt" count="9"/>
        <line num="407" type="stmt" count="9"/>
        <line num="410" type="stmt" count="9"/>
        <line num="411" type="stmt" count="9"/>
        <line num="413" type="stmt" count="9"/>
        <line num="419" type="method" name="offsetUnset" visibility="public"
              complexity="4" crap="4" count="1"/>
        <line num="422" type="stmt" count="1"/>
        <line num="423" type="stmt" count="1"/>
        <line num="424" type="stmt" count="1"/>
        <line num="426" type="stmt" count="1"/>
        <line num="427" type="stmt" count="1"/>
        <line num="428" type="stmt" count="1"/>
        <line num="431" type="stmt" count="1"/>
        <line num="432" type="stmt" count="1"/>
        <line num="434" type="stmt" count="1"/>
        <line num="436" type="stmt" count="1"/>
        <line num="443" type="method" name="getRating" visibility="public"
              complexity="1" crap="1" count="1"/>
        <line num="445" type="stmt" count="1"/>
        <line num="453" type="method" name="setRating" visibility="public"
              complexity="1" crap="1" count="1"/>
        <line num="455" type="stmt" count="1"/>
        <line num="456" type="stmt" count="1"/>
        <line num="463" type="method" name="incRating" visibility="public"
              complexity="1" crap="1" count="3"/>
        <line num="465" type="stmt" count="3"/>
        <line num="466" type="stmt" count="3"/>
        <line num="473" type="method" name="addPassMissionStep"
              visibility="public" complexity="1" crap="1" count="2"/>
        <line num="475" type="stmt" count="2"/>
        <line num="476" type="stmt" count="2"/>
        <line num="484" type="method" name="addCriticalMissionStep"
              visibility="public" complexity="1" crap="1" count="2"/>
        <line num="486" type="stmt" count="2"/>
        <line num="487" type="stmt" count="2"/>
        <line num="494" type="method" name="addUnlockMissionStep"
              visibility="public" complexity="1" crap="1" count="1"/>
        <line num="496" type="stmt" count="1"/>
        <line num="497" type="stmt" count="1"/>
        <metrics loc="498" ncloc="218" classes="1" methods="25"
                 coveredmethods="25" conditionals="0" coveredconditionals="0"
                 statements="107" coveredstatements="107" elements="132"
                 coveredelements="132"/>
      </file>
      <file name="src/Wiki/Models/LeveledValues.php">
        <class name="LeveledValues" namespace="eidng8\Wiki\Models">
          <metrics complexity="9" methods="4" coveredmethods="4"
                   conditionals="0" coveredconditionals="0" statements="11"
                   coveredstatements="11" elements="15" coveredelements="15"/>
        </class>
        <line num="46" type="method" name="set" visibility="public"
              complexity="1" crap="1" count="12"/>
        <line num="48" type="stmt" count="12"/>
        <line num="49" type="stmt" count="12"/>
        <line num="58" type="method" name="normal" visibility="public"
              complexity="2" crap="2" count="16"/>
        <line num="60" type="stmt" count="16"/>
        <line num="61" type="stmt" count="15"/>
        <line num="64" type="stmt" count="16"/>
        <line num="74" type="method" name="elite" visibility="public"
              complexity="2" crap="2" count="15"/>
        <line num="76" type="stmt" count="15"/>
        <line num="77" type="stmt" count="15"/>
        <line num="80" type="stmt" count="15"/>
        <line num="90" type="method" name="epic" visibility="public"
              complexity="2" crap="2" count="16"/>
        <line num="92" type="stmt" count="16"/>
        <line num="93" type="stmt" count="15"/>
        <line num="96" type="stmt" count="16"/>
        <metrics loc="98" ncloc="38" classes="1" methods="4" coveredmethods="4"
                 conditionals="0" coveredconditionals="0" statements="11"
                 coveredstatements="11" elements="15" coveredelements="15"/>
      </file>
      <file name="src/Wiki/Models/Mission.php">
        <class name="Mission" namespace="eidng8\Wiki\Models">
          <metrics complexity="16" methods="4" coveredmethods="4"
                   conditionals="0" coveredconditionals="0" statements="43"
                   coveredstatements="43" elements="47" coveredelements="47"/>
        </class>
        <line num="95" type="method" name="validate" visibility="public"
              complexity="10" crap="10" count="16"/>
        <line num="97" type="stmt" count="16"/>
        <line num="100" type="stmt" count="16"/>
        <line num="101" type="stmt" count="1"/>
        <line num="103" type="stmt" count="1"/>
        <line num="107" type="stmt" count="15"/>
        <line num="109" type="stmt" count="15"/>
        <line num="110" type="stmt" count="1"/>
        <line num="112" type="stmt" count="1"/>
        <line num="115" type="stmt" count="14"/>
        <line num="116" type="stmt" count="14"/>
        <line num="117" type="stmt" count="1"/>
        <line num="118" type="stmt" count="1"/>
        <line num="119" type="stmt" count="1"/>
        <line num="121" type="stmt" count="1"/>
        <line num="122" type="stmt" count="14"/>
        <line num="123" type="stmt" count="1"/>
        <line num="124" type="stmt" count="1"/>
        <line num="125" type="stmt" count="1"/>
        <line num="127" type="stmt" count="14"/>
        <line num="132" type="stmt" count="14"/>
        <line num="140" type="method" name="uri" visibility="public"
              complexity="1" crap="1" count="5"/>
        <line num="142" type="stmt" count="5"/>
        <line num="150" type="method" name="page" visibility="public"
              complexity="1" crap="1" count="5"/>
        <line num="152" type="stmt" count="5"/>
        <line num="160" type="method" name="toArray" visibility="public"
              complexity="4" crap="4" count="5"/>
        <line num="162" type="stmt" count="5"/>
        <line num="164" type="stmt" count="1"/>
        <line num="165" type="stmt" count="1"/>
        <line num="166" type="stmt" count="1"/>
        <line num="167" type="stmt" count="1"/>
        <line num="168" type="stmt" count="1"/>
        <line num="169" type="stmt" count="1"/>
        <line num="173" type="stmt" count="5"/>
        <line num="174" type="stmt" count="5"/>
        <line num="175" type="stmt" count="4"/>
        <line num="176" type="stmt" count="1"/>
        <line num="178" type="stmt" count="4"/>
        <line num="183" type="stmt" count="5"/>
        <line num="184" type="stmt" count="5"/>
        <line num="185" type="stmt" count="5"/>
        <line num="186" type="stmt" count="5"/>
        <line num="187" type="stmt" count="5"/>
        <line num="188" type="stmt" count="5"/>
        <line num="189" type="stmt" count="5"/>
        <line num="190" type="stmt" count="5"/>
        <line num="191" type="stmt" count="5"/>
        <metrics loc="194" ncloc="102" classes="1" methods="4"
                 coveredmethods="4" conditionals="0" coveredconditionals="0"
                 statements="43" coveredstatements="43" elements="47"
                 coveredelements="47"/>
      </file>
      <file name="src/Wiki/Models/MissionCost.php">
        <class name="MissionCost" namespace="eidng8\Wiki\Models">
          <metrics complexity="10" methods="4" coveredmethods="4"
                   conditionals="0" coveredconditionals="0" statements="11"
                   coveredstatements="11" elements="15" coveredelements="15"/>
        </class>
        <line num="28" type="method" name="ticket" visibility="public"
              complexity="3" crap="3" count="14"/>
        <line num="30" type="stmt" count="14"/>
        <line num="31" type="stmt" count="4"/>
        <line num="34" type="stmt" count="12"/>
        <line num="36" type="stmt" count="12"/>
        <line num="47" type="method" name="useChroniton" visibility="public"
              complexity="3" crap="3" count="19"/>
        <line num="49" type="stmt" count="19"/>
        <line num="50" type="stmt" count="19"/>
        <line num="53" type="stmt" count="19"/>
        <line num="64" type="method" name="useTicket" visibility="public"
              complexity="3" crap="3" count="21"/>
        <line num="66" type="stmt" count="21"/>
        <line num="67" type="stmt" count="21"/>
        <line num="70" type="stmt" count="19"/>
        <line num="76" type="method" name="toArray" visibility="public"
              complexity="1" crap="1" count="5"/>
        <line num="78" type="stmt" count="5"/>
        <metrics loc="80" ncloc="34" classes="1" methods="4" coveredmethods="4"
                 conditionals="0" coveredconditionals="0" statements="11"
                 coveredstatements="11" elements="15" coveredelements="15"/>
      </file>
      <file name="src/Wiki/Models/MissionStep.php">
        <class name="MissionStep" namespace="eidng8\Wiki\Models">
          <metrics complexity="25" methods="7" coveredmethods="7"
                   conditionals="0" coveredconditionals="0" statements="28"
                   coveredstatements="28" elements="35" coveredelements="35"/>
        </class>
        <line num="39" type="method" name="validate" visibility="public"
              complexity="4" crap="4" count="14"/>
        <line num="42" type="stmt" count="14"/>
        <line num="43" type="stmt" count="1"/>
        <line num="46" type="stmt" count="14"/>
        <line num="47" type="stmt" count="14"/>
        <line num="48" type="stmt" count="14"/>
        <line num="52" type="stmt" count="14"/>
        <line num="60" type="method" name="toArray" visibility="public"
              complexity="5" crap="5" count="4"/>
        <line num="62" type="stmt" count="4"/>
        <line num="63" type="stmt" count="4"/>
        <line num="64" type="stmt" count="4"/>
        <line num="67" type="stmt" count="4"/>
        <line num="68" type="stmt" count="4"/>
        <line num="69" type="stmt" count="4"/>
        <line num="70" type="stmt" count="4"/>
        <line num="75" type="stmt" count="4"/>
        <line num="76" type="stmt" count="4"/>
        <line num="77" type="stmt" count="4"/>
        <line num="84" type="method" name="allSkills" visibility="public"
              complexity="3" crap="3" count="3"/>
        <line num="86" type="stmt" count="3"/>
        <line num="87" type="stmt" count="3"/>
        <line num="88" type="stmt" count="3"/>
        <line num="89" type="stmt" count="3"/>
        <line num="93" type="stmt" count="3"/>
        <line num="131" type="method" name="getCrew" visibility="public"
              complexity="1" crap="1" count="3"/>
        <line num="133" type="stmt" count="3"/>
        <line num="171" type="method" name="addPassCrew" visibility="public"
              complexity="1" crap="1" count="2"/>
        <line num="173" type="stmt" count="2"/>
        <line num="174" type="stmt" count="2"/>
        <line num="179" type="method" name="addCriticalCrew" visibility="public"
              complexity="1" crap="1" count="3"/>
        <line num="181" type="stmt" count="3"/>
        <line num="182" type="stmt" count="3"/>
        <line num="187" type="method" name="addUnlockCrew" visibility="public"
              complexity="1" crap="1" count="1"/>
        <line num="189" type="stmt" count="1"/>
        <line num="190" type="stmt" count="1"/>
        <metrics loc="191" ncloc="101" classes="1" methods="7"
                 coveredmethods="7" conditionals="0" coveredconditionals="0"
                 statements="28" coveredstatements="28" elements="35"
                 coveredelements="35"/>
      </file>
      <file name="src/Wiki/Models/Model.php">
        <class name="Model" namespace="eidng8\Wiki\Models">
          <metrics complexity="7" methods="5" coveredmethods="5"
                   conditionals="0" coveredconditionals="0" statements="9"
                   coveredstatements="9" elements="14" coveredelements="14"/>
        </class>
        <line num="22" type="method" name="offsetGet" visibility="public"
              complexity="2" crap="2" count="10"/>
        <line num="24" type="stmt" count="10"/>
        <line num="25" type="stmt" count="10"/>
        <line num="28" type="stmt" count="1"/>
        <line num="34" type="method" name="offsetExists" visibility="public"
              complexity="1" crap="1" count="10"/>
        <line num="36" type="stmt" count="10"/>
        <line num="42" type="method" name="offsetSet" visibility="public"
              complexity="1" crap="1" count="15"/>
        <line num="44" type="stmt" count="15"/>
        <line num="45" type="stmt" count="15"/>
        <line num="50" type="method" name="offsetUnset" visibility="public"
              complexity="1" crap="1" count="1"/>
        <line num="52" type="stmt" count="1"/>
        <line num="53" type="stmt" count="1"/>
        <line num="58" type="method" name="jsonSerialize" visibility="public"
              complexity="1" crap="1" count="4"/>
        <line num="60" type="stmt" count="4"/>
        <metrics loc="69" ncloc="30" classes="1" methods="5" coveredmethods="5"
                 conditionals="0" coveredconditionals="0" statements="9"
                 coveredstatements="9" elements="14" coveredelements="14"/>
      </file>
      <file name="src/Wiki/Models/ReqAndBonus.php">
        <class name="ReqAndBonus" namespace="eidng8\Wiki\Models">
          <metrics complexity="13" methods="4" coveredmethods="4"
                   conditionals="0" coveredconditionals="0" statements="15"
                   coveredstatements="15" elements="19" coveredelements="19"/>
        </class>
        <line num="24" type="method" name="validate" visibility="public"
              complexity="9" crap="9" count="14"/>
        <line num="26" type="stmt" count="14"/>
        <line num="30" type="stmt" count="14"/>
        <line num="34" type="stmt" count="14"/>
        <line num="35" type="stmt" count="14"/>
        <line num="36" type="stmt" count="14"/>
        <line num="40" type="stmt" count="14"/>
        <line num="41" type="stmt" count="14"/>
        <line num="42" type="stmt" count="14"/>
        <line num="46" type="stmt" count="14"/>
        <line num="56" type="method" name="names" visibility="public"
              complexity="1" crap="1" count="3"/>
        <line num="58" type="stmt" count="3"/>
        <line num="68" type="method" name="name" visibility="public"
              complexity="2" crap="2" count="13"/>
        <line num="70" type="stmt" count="13"/>
        <line num="71" type="stmt" count="6"/>
        <line num="74" type="stmt" count="12"/>
        <line num="80" type="method" name="toArray" visibility="public"
              complexity="1" crap="1" count="8"/>
        <line num="83" type="stmt" count="8"/>
        <line num="84" type="stmt" count="8"/>
        <metrics loc="87" ncloc="43" classes="1" methods="4" coveredmethods="4"
                 conditionals="0" coveredconditionals="0" statements="15"
                 coveredstatements="15" elements="19" coveredelements="19"/>
      </file>
      <file name="src/Wiki/Models/Skills.php">
        <class name="Skills" namespace="eidng8\Wiki\Models">
          <metrics complexity="21" methods="10" coveredmethods="10"
                   conditionals="0" coveredconditionals="0" statements="30"
                   coveredstatements="30" elements="40" coveredelements="40"/>
        </class>
        <line num="83" type="method" name="__construct" visibility="public"
              complexity="3" crap="3" count="10"/>
        <line num="85" type="stmt" count="10"/>
        <line num="86" type="stmt" count="10"/>
        <line num="87" type="stmt" count="10"/>
        <line num="90" type="stmt" count="10"/>
        <line num="99" type="method" name="isSkill" visibility="public"
              complexity="1" crap="1" count="11"/>
        <line num="101" type="stmt" count="11"/>
        <line num="111" type="method" name="skillNames" visibility="public"
              complexity="2" crap="2" count="1"/>
        <line num="113" type="stmt" count="1"/>
        <line num="114" type="method" name="anonymous function" complexity="1"
              crap="1" count="1"/>
        <line num="115" type="stmt" count="1"/>
        <line num="116" type="stmt" count="1"/>
        <line num="128" type="method" name="skillName" visibility="public"
              complexity="4" crap="4" count="15"/>
        <line num="130" type="stmt" count="15"/>
        <line num="131" type="stmt" count="15"/>
        <line num="132" type="stmt" count="7"/>
        <line num="135" type="stmt" count="15"/>
        <line num="141" type="method" name="toArray" visibility="public"
              complexity="2" crap="2" count="7"/>
        <line num="143" type="stmt" count="7"/>
        <line num="144" type="stmt" count="7"/>
        <line num="145" type="stmt" count="7"/>
        <line num="147" type="stmt" count="7"/>
        <line num="153" type="method" name="offsetSet" visibility="public"
              complexity="2" crap="2" count="10"/>
        <line num="155" type="stmt" count="10"/>
        <line num="156" type="stmt" count="10"/>
        <line num="157" type="stmt" count="10"/>
        <line num="159" type="stmt" count="10"/>
        <line num="164" type="method" name="offsetExists" visibility="public"
              complexity="2" crap="2" count="8"/>
        <line num="166" type="stmt" count="8"/>
        <line num="167" type="stmt" count="8"/>
        <line num="168" type="stmt" count="8"/>
        <line num="177" type="method" name="offsetGet" visibility="public"
              complexity="2" crap="2" count="8"/>
        <line num="179" type="stmt" count="8"/>
        <line num="180" type="stmt" count="8"/>
        <line num="181" type="stmt" count="8"/>
        <line num="190" type="method" name="offsetUnset" visibility="public"
              complexity="2" crap="2" count="1"/>
        <line num="192" type="stmt" count="1"/>
        <line num="193" type="stmt" count="1"/>
        <line num="194" type="stmt" count="1"/>
        <line num="196" type="stmt" count="1"/>
        <metrics loc="197" ncloc="95" classes="1" methods="10"
                 coveredmethods="10" conditionals="0" coveredconditionals="0"
                 statements="30" coveredstatements="30" elements="40"
                 coveredelements="40"/>
      </file>
    </package>
    <package name="eidng8\Wiki\Templates">
      <file name="src/Wiki/Templates/CrewList.php">
        <class name="CrewList" namespace="eidng8\Wiki\Templates">
          <metrics complexity="48" methods="15" coveredmethods="15"
                   conditionals="0" coveredconditionals="0" statements="90"
                   coveredstatements="90" elements="105" coveredelements="105"/>
        </class>
        <line num="54" type="method" name="__construct" visibility="public"
              complexity="1" crap="1" count="9"/>
        <line num="59" type="stmt" count="9"/>
        <line num="60" type="stmt" count="9"/>
        <line num="61" type="stmt" count="9"/>
        <line num="62" type="stmt" count="9"/>
        <line num="79" type="method" name="get" visibility="public"
              complexity="1" crap="1" count="2"/>
        <line num="81" type="stmt" count="2"/>
        <line num="87" type="method" name="parse" visibility="public"
              complexity="1" crap="1" count="9"/>
        <line num="89" type="stmt" count="9"/>
        <line num="91" type="stmt" count="9"/>
        <line num="99" type="method" name="parseCrew" visibility="public"
              complexity="3" crap="3" count="9"/>
        <line num="101" type="stmt" count="9"/>
        <line num="102" type="stmt" count="9"/>
        <line num="103" type="stmt" count="9"/>
        <line num="104" type="stmt" count="9"/>
        <line num="107" type="stmt" count="9"/>
        <line num="108" type="stmt" count="9"/>
        <line num="109" type="stmt" count="9"/>
        <line num="110" type="stmt" count="9"/>
        <line num="113" type="stmt" count="9"/>
        <line num="123" type="method" name="parseMember" visibility="public"
              complexity="2" crap="2" count="9"/>
        <line num="125" type="stmt" count="9"/>
        <line num="126" type="stmt" count="9"/>
        <line num="127" type="stmt" count="9"/>
        <line num="129" type="stmt" count="9"/>
        <line num="130" type="stmt" count="9"/>
        <line num="131" type="stmt" count="9"/>
        <line num="134" type="stmt" count="9"/>
        <line num="135" type="stmt" count="9"/>
        <line num="136" type="stmt" count="9"/>
        <line num="137" type="stmt" count="9"/>
        <line num="139" type="stmt" count="9"/>
        <line num="142" type="stmt" count="9"/>
        <line num="152" type="method" name="fetchPictures" visibility="public"
              complexity="4" crap="4" count="9"/>
        <line num="154" type="stmt" count="9"/>
        <line num="158" type="stmt" count="9"/>
        <line num="159" type="stmt" count="9"/>
        <line num="160" type="stmt" count="9"/>
        <line num="161" type="stmt" count="9"/>
        <line num="162" type="stmt" count="9"/>
        <line num="166" type="stmt" count="9"/>
        <line num="174" type="method" name="fetchDetail" visibility="public"
              complexity="3" crap="3" count="9"/>
        <line num="176" type="stmt" count="9"/>
        <line num="178" type="stmt" count="9"/>
        <line num="179" type="stmt" count="9"/>
        <line num="180" type="stmt" count="9"/>
        <line num="181" type="stmt" count="9"/>
        <line num="182" type="stmt" count="9"/>
        <line num="183" type="stmt" count="9"/>
        <line num="184" type="stmt" count="9"/>
        <line num="185" type="stmt" count="9"/>
        <line num="186" type="stmt" count="9"/>
        <line num="188" type="stmt" count="9"/>
        <line num="189" type="stmt" count="9"/>
        <line num="198" type="method" name="skillList" visibility="public"
              complexity="4" crap="4" count="9"/>
        <line num="200" type="stmt" count="9"/>
        <line num="201" type="stmt" count="9"/>
        <line num="205" type="stmt" count="9"/>
        <line num="206" type="stmt" count="9"/>
        <line num="210" type="stmt" count="9"/>
        <line num="221" type="method" name="skillValue" visibility="public"
              complexity="7" crap="7" count="9"/>
        <line num="223" type="stmt" count="9"/>
        <line num="224" type="stmt" count="9"/>
        <line num="228" type="stmt" count="9"/>
        <line num="229" type="stmt" count="9"/>
        <line num="230" type="stmt" count="9"/>
        <line num="231" type="stmt" count="9"/>
        <line num="232" type="stmt" count="9"/>
        <line num="233" type="stmt" count="9"/>
        <line num="234" type="stmt" count="8"/>
        <line num="236" type="stmt" count="9"/>
        <line num="237" type="stmt" count="9"/>
        <line num="238" type="stmt" count="9"/>
        <line num="239" type="stmt" count="9"/>
        <line num="240" type="stmt" count="9"/>
        <line num="241" type="stmt" count="9"/>
        <line num="246" type="stmt" count="9"/>
        <line num="258" type="method" name="stats" visibility="protected"
              complexity="5" crap="5" count="9"/>
        <line num="260" type="stmt" count="9"/>
        <line num="261" type="stmt" count="9"/>
        <line num="262" type="stmt" count="9"/>
        <line num="265" type="stmt" count="9"/>
        <line num="266" type="stmt" count="9"/>
        <line num="267" type="stmt" count="9"/>
        <line num="269" type="stmt" count="9"/>
        <line num="272" type="stmt" count="9"/>
        <line num="281" type="method" name="byName" visibility="public"
              complexity="2" crap="2" count="4"/>
        <line num="283" type="stmt" count="4"/>
        <line num="309" type="method" name="export" visibility="public"
              complexity="3" crap="3" count="1"/>
        <line num="311" type="stmt" count="1"/>
        <line num="312" type="stmt" count="1"/>
        <line num="313" type="method" name="anonymous function" complexity="3"
              crap="3" count="1"/>
        <line num="314" type="stmt" count="1"/>
        <line num="315" type="stmt" count="1"/>
        <line num="316" type="stmt" count="1"/>
        <line num="317" type="stmt" count="1"/>
        <line num="320" type="stmt" count="1"/>
        <line num="321" type="stmt" count="1"/>
        <line num="322" type="stmt" count="1"/>
        <line num="325" type="stmt" count="1"/>
        <line num="333" type="method" name="each" visibility="public"
              complexity="2" crap="2" count="4"/>
        <line num="335" type="stmt" count="4"/>
        <line num="336" type="stmt" count="4"/>
        <line num="338" type="stmt" count="4"/>
        <line num="364" type="method" name="regex" visibility="protected"
              complexity="1" crap="1" count="9"/>
        <line num="366" type="stmt" count="9"/>
        <metrics loc="368" ncloc="170" classes="1" methods="15"
                 coveredmethods="15" conditionals="0" coveredconditionals="0"
                 statements="91" coveredstatements="91" elements="106"
                 coveredelements="106"/>
      </file>
      <file name="src/Wiki/Templates/InfoBox.php">
        <class name="InfoBox" namespace="eidng8\Wiki\Templates">
          <metrics complexity="18" methods="9" coveredmethods="9"
                   conditionals="0" coveredconditionals="0" statements="47"
                   coveredstatements="47" elements="56" coveredelements="56"/>
        </class>
        <line num="26" type="method" name="__construct" visibility="public"
              complexity="1" crap="1" count="16"/>
        <line num="30" type="stmt" count="16"/>
        <line num="31" type="stmt" count="16"/>
        <line num="36" type="method" name="parse" visibility="public"
              complexity="4" crap="4" count="16"/>
        <line num="38" type="stmt" count="16"/>
        <line num="39" type="stmt" count="16"/>
        <line num="42" type="stmt" count="16"/>
        <line num="43" type="stmt" count="16"/>
        <line num="44" type="stmt" count="16"/>
        <line num="47" type="stmt" count="16"/>
        <line num="49" type="stmt" count="16"/>
        <line num="50" type="stmt" count="16"/>
        <line num="51" type="stmt" count="16"/>
        <line num="52" type="stmt" count="16"/>
        <line num="53" type="stmt" count="16"/>
        <line num="54" type="stmt" count="16"/>
        <line num="58" type="stmt" count="16"/>
        <line num="59" type="stmt" count="16"/>
        <line num="62" type="stmt" count="16"/>
        <line num="71" type="method" name="dehydrate" visibility="public"
              complexity="7" crap="7" count="16"/>
        <line num="73" type="stmt" count="16"/>
        <line num="74" type="stmt" count="16"/>
        <line num="76" type="stmt" count="16"/>
        <line num="77" type="stmt" count="12"/>
        <line num="78" type="stmt" count="12"/>
        <line num="79" type="stmt" count="12"/>
        <line num="80" type="stmt" count="12"/>
        <line num="82" type="stmt" count="16"/>
        <line num="83" type="stmt" count="9"/>
        <line num="84" type="stmt" count="9"/>
        <line num="86" type="stmt" count="16"/>
        <line num="87" type="stmt" count="11"/>
        <line num="88" type="stmt" count="11"/>
        <line num="90" type="stmt" count="16"/>
        <line num="91" type="stmt" count="16"/>
        <line num="92" type="stmt" count="16"/>
        <line num="94" type="stmt" count="16"/>
        <line num="95" type="stmt" count="16"/>
        <line num="96" type="stmt" count="16"/>
        <line num="98" type="stmt" count="16"/>
        <line num="99" type="stmt" count="16"/>
        <line num="100" type="stmt" count="16"/>
        <line num="102" type="stmt" count="16"/>
        <line num="109" type="method" name="title" visibility="public"
              complexity="1" crap="1" count="15"/>
        <line num="111" type="stmt" count="15"/>
        <line num="119" type="method" name="name" visibility="public"
              complexity="1" crap="1" count="15"/>
        <line num="121" type="stmt" count="15"/>
        <line num="129" type="method" name="episode" visibility="public"
              complexity="1" crap="1" count="15"/>
        <line num="131" type="stmt" count="15"/>
        <line num="133" type="stmt" count="15"/>
        <line num="141" type="method" name="sequence" visibility="public"
              complexity="1" crap="1" count="15"/>
        <line num="143" type="stmt" count="15"/>
        <line num="151" type="method" name="type" visibility="public"
              complexity="1" crap="1" count="15"/>
        <line num="153" type="stmt" count="15"/>
        <line num="161" type="method" name="cost" visibility="public"
              complexity="1" crap="1" count="15"/>
        <line num="163" type="stmt" count="15"/>
        <metrics loc="165" ncloc="83" classes="1" methods="9" coveredmethods="9"
                 conditionals="0" coveredconditionals="0" statements="47"
                 coveredstatements="47" elements="56" coveredelements="56"/>
      </file>
      <file name="src/Wiki/Templates/Mission.php">
        <class name="Mission" namespace="eidng8\Wiki\Templates">
          <metrics complexity="45" methods="12" coveredmethods="12"
                   conditionals="0" coveredconditionals="0" statements="99"
                   coveredstatements="99" elements="111" coveredelements="111"/>
        </class>
        <line num="36" type="method" name="__construct" visibility="public"
              complexity="2" crap="2" count="12"/>
        <line num="41" type="stmt" count="12"/>
        <line num="42" type="stmt" count="12"/>
        <line num="43" type="stmt" count="12"/>
        <line num="48" type="method" name="parse" visibility="public"
              complexity="2" crap="2" count="12"/>
        <line num="50" type="stmt" count="12"/>
        <line num="51" type="stmt" count="12"/>
        <line num="52" type="stmt" count="12"/>
        <line num="53" type="stmt" count="12"/>
        <line num="54" type="stmt" count="12"/>
        <line num="55" type="stmt" count="12"/>
        <line num="56" type="stmt" count="12"/>
        <line num="59" type="stmt" count="12"/>
        <line num="61" type="stmt" count="12"/>
        <line num="71" type="method" name="parseInfoBox" visibility="public"
              complexity="1" crap="1" count="12"/>
        <line num="73" type="stmt" count="12"/>
        <line num="74" type="stmt" count="12"/>
        <line num="76" type="stmt" count="12"/>
        <line num="86" type="method" name="parseWalkThru" visibility="public"
              complexity="1" crap="1" count="12"/>
        <line num="88" type="stmt" count="12"/>
        <line num="89" type="stmt" count="12"/>
        <line num="90" type="stmt" count="12"/>
        <line num="91" type="stmt" count="12"/>
        <line num="93" type="stmt" count="12"/>
        <line num="103" type="method" name="parseMWHead" visibility="public"
              complexity="5" crap="5" count="12"/>
        <line num="105" type="stmt" count="12"/>
        <line num="107" type="stmt" count="12"/>
        <line num="108" type="stmt" count="12"/>
[...]
        <line num="177" type="stmt" count="12"/>
        <line num="179" type="stmt" count="12"/>
        <line num="180" type="stmt" count="12"/>
        <line num="181" type="stmt" count="12"/>
        <line num="182" type="stmt" count="12"/>
        <line num="183" type="stmt" count="12"/>
        <line num="184" type="stmt" count="12"/>
        <line num="185" type="stmt" count="12"/>
        <line num="193" type="stmt" count="12"/>
        <line num="195" type="stmt" count="12"/>
        <line num="196" type="stmt" count="12"/>
        <line num="201" type="stmt" count="12"/>
        <line num="275" type="stmt" count="12"/>
        <line num="287" type="method" name="parseStepProp" visibility="public"
              complexity="14" crap="14" count="12"/>
        <line num="292" type="stmt" count="12"/>
        <line num="296" type="method" name="anonymous function" complexity="4"
              crap="4" count="12"/>
        <line num="297" type="stmt" count="12"/>
        <line num="298" type="stmt" count="8"/>
        <line num="299" type="stmt" count="8"/>
        <line num="303" type="stmt" count="12"/>
        <line num="304" type="stmt" count="12"/>
        <line num="310" type="stmt" count="12"/>
        <line num="311" type="stmt" count="12"/>
        <line num="313" type="stmt" count="12"/>
        <line num="315" type="stmt" count="12"/>
        <line num="316" type="stmt" count="12"/>
        <line num="317" type="stmt" count="12"/>
        <line num="319" type="stmt" count="9"/>
        <line num="320" type="stmt" count="9"/>
        <line num="324" type="stmt" count="9"/>
        <line num="326" type="stmt" count="12"/>
        <line num="327" type="stmt" count="12"/>
        <line num="329" type="stmt" count="12"/>
        <line num="330" type="stmt" count="12"/>
        <line num="331" type="stmt" count="12"/>
        <line num="333" type="stmt" count="9"/>
        <line num="334" type="stmt" count="9"/>
        <line num="335" type="stmt" count="8"/>
        <line num="336" type="stmt" count="8"/>
        <line num="338" type="stmt" count="9"/>
        <line num="342" type="stmt" count="12"/>
        <line num="343" type="stmt" count="12"/>
        <line num="344" type="stmt" count="9"/>
        <line num="346" type="stmt" count="12"/>
        <line num="347" type="stmt" count="9"/>
        <line num="349" type="stmt" count="12"/>
        <line num="350" type="stmt" count="12"/>
        <line num="352" type="stmt" count="10"/>
        <line num="353" type="stmt" count="10"/>
        <line num="354" type="stmt" count="10"/>
        <line num="355" type="stmt" count="10"/>
        <line num="357" type="stmt" count="10"/>
        <line num="358" type="stmt" count="10"/>
        <line num="361" type="stmt" count="10"/>
        <line num="364" type="stmt" count="12"/>
        <line num="372" type="method" name="createModel" visibility="public"
              complexity="5" crap="5" count="12"/>
        <line num="374" type="stmt" count="12"/>
        <line num="376" type="stmt" count="12"/>
        <line num="377" type="stmt" count="12"/>
        <line num="378" type="stmt" count="12"/>
        <line num="379" type="stmt" count="12"/>
        <line num="380" type="stmt" count="12"/>
        <line num="381" type="stmt" count="12"/>
        <line num="382" type="stmt" count="12"/>
        <line num="383" type="stmt" count="8"/>
        <line num="385" type="stmt" count="12"/>
        <line num="386" type="stmt" count="12"/>
        <line num="388" type="stmt" count="12"/>
        <line num="389" type="stmt" count="12"/>
        <line num="390" type="stmt" count="12"/>
        <line num="391" type="stmt" count="12"/>
        <line num="392" type="stmt" count="12"/>
        <line num="393" type="stmt" count="12"/>
        <line num="396" type="stmt" count="12"/>
        <line num="397" type="stmt" count="12"/>
        <line num="398" type="stmt" count="12"/>
        <line num="399" type="stmt" count="12"/>
        <line num="403" type="stmt" count="12"/>
        <line num="404" type="stmt" count="12"/>
        <line num="416" type="stmt" count="12"/>
        <line num="420" type="stmt" count="12"/>
        <line num="422" type="stmt" count="12"/>
        <line num="430" type="method" name="validateModel" visibility="public"
              complexity="1" crap="1" count="12"/>
        <line num="432" type="stmt" count="12"/>
        <line num="440" type="method" name="loadReqAndBonusModel"
              visibility="public" complexity="2" crap="2" count="12"/>
        <line num="442" type="stmt" count="12"/>
        <line num="443" type="stmt" count="8"/>
        <line num="446" type="stmt" count="12"/>
        <line num="447" type="stmt" count="12"/>
        <line num="448" type="stmt" count="12"/>
        <line num="450" type="stmt" count="12"/>
        <metrics loc="452" ncloc="170" classes="1" methods="12"
                 coveredmethods="12" conditionals="0" coveredconditionals="0"
                 statements="131" coveredstatements="131" elements="143"
                 coveredelements="143"/>
      </file>
      <file name="src/Wiki/Templates/MissionCost.php">
        <class name="MissionCost" namespace="eidng8\Wiki\Templates">
          <metrics complexity="10" methods="4" coveredmethods="4"
                   conditionals="0" coveredconditionals="0" statements="25"
                   coveredstatements="25" elements="29" coveredelements="29"/>
        </class>
        <line num="42" type="method" name="__construct" visibility="public"
              complexity="1" crap="1" count="20"/>
        <line num="44" type="stmt" count="20"/>
        <line num="45" type="stmt" count="20"/>
        <line num="46" type="stmt" count="19"/>
        <line num="53" type="method" name="parse" visibility="public"
              complexity="7" crap="7" count="20"/>
        <line num="55" type="stmt" count="20"/>
        <line num="56" type="stmt" count="20"/>
        <line num="57" type="stmt" count="1"/>
        <line num="60" type="stmt" count="19"/>
        <line num="61" type="stmt" count="19"/>
        <line num="62" type="stmt" count="19"/>
        <line num="64" type="stmt" count="19"/>
        <line num="65" type="stmt" count="15"/>
        <line num="66" type="stmt" count="15"/>
        <line num="67" type="stmt" count="10"/>
        <line num="68" type="stmt" count="10"/>
        <line num="69" type="stmt" count="10"/>
        <line num="71" type="stmt" count="13"/>
        <line num="72" type="stmt" count="13"/>
        <line num="77" type="stmt" count="13"/>
        <line num="78" type="stmt" count="13"/>
        <line num="79" type="stmt" count="13"/>
        <line num="84" type="stmt" count="19"/>
        <line num="85" type="stmt" count="12"/>
        <line num="87" type="stmt" count="19"/>
        <line num="92" type="method" name="get" visibility="public"
              complexity="1" crap="1" count="12"/>
        <line num="94" type="stmt" count="12"/>
        <line num="100" type="method" name="__call" visibility="public"
              complexity="1" crap="1" count="7"/>
        <line num="102" type="stmt" count="7"/>
        <metrics loc="104" ncloc="59" classes="1" methods="4" coveredmethods="4"
                 conditionals="0" coveredconditionals="0" statements="25"
                 coveredstatements="25" elements="29" coveredelements="29"/>
      </file>
      <file name="src/Wiki/Templates/MissionList.php">
        <class name="MissionList" namespace="eidng8\Wiki\Templates">
          <metrics complexity="54" methods="14" coveredmethods="14"
                   conditionals="0" coveredconditionals="0" statements="135"
                   coveredstatements="135" elements="149"
                   coveredelements="149"/>
        </class>
        <line num="39" type="method" name="get" visibility="public"
              complexity="7" crap="7" count="4"/>
        <line num="41" type="stmt" count="4"/>
        <line num="42" type="stmt" count="1"/>
        <line num="45" type="stmt" count="4"/>
        <line num="46" type="stmt" count="4"/>
        <line num="47" type="stmt" count="4"/>
        <line num="48" type="stmt" count="4"/>
        <line num="50" type="stmt" count="4"/>
        <line num="51" type="stmt" count="4"/>
        <line num="53" type="stmt" count="4"/>
        <line num="57" type="stmt" count="4"/>
        <line num="71" type="method" name="eachAway" visibility="public"
              complexity="5" crap="5" count="3"/>
        <line num="73" type="stmt" count="3"/>
        <line num="74" type="stmt" count="3"/>
        <line num="75" type="stmt" count="3"/>
        <line num="77" type="stmt" count="3"/>
        <line num="79" type="stmt" count="3"/>
        <line num="80" type="stmt" count="3"/>
        <line num="82" type="stmt" count="3"/>
        <line num="88" type="stmt" count="3"/>
        <line num="98" type="method" name="byName" visibility="public"
              complexity="8" crap="8" count="5"/>
        <line num="100" type="stmt" count="5"/>
        <line num="101" type="stmt" count="5"/>
        <line num="102" type="stmt" count="5"/>
        <line num="103" type="stmt" count="5"/>
        <line num="104" type="stmt" count="5"/>
        <line num="106" type="stmt" count="5"/>
        <line num="107" type="stmt" count="5"/>
        <line num="109" type="stmt" count="2"/>
        <line num="110" type="stmt" count="5"/>
        <line num="112" type="stmt" count="5"/>
        <line num="125" type="method" name="fetch" visibility="public"
              complexity="1" crap="1" count="8"/>
        <line num="127" type="stmt" count="8"/>
        <line num="128" type="stmt" count="8"/>
        <line num="129" type="stmt" count="8"/>
        <line num="130" type="stmt" count="8"/>
        <line num="132" type="stmt" count="8"/>
        <line num="133" type="stmt" count="8"/>
        <line num="135" type="stmt" count="8"/>
        <line num="143" type="method" name="export" visibility="public"
              complexity="3" crap="3" count="1"/>
        <line num="145" type="stmt" count="1"/>
        <line num="146" type="stmt" count="1"/>
        <line num="147" type="stmt" count="1"/>
        <line num="148" type="stmt" count="1"/>
        <line num="154" type="stmt" count="1"/>
        <line num="157" type="stmt" count="1"/>
        <line num="158" type="stmt" count="1"/>
        <line num="159" type="stmt" count="1"/>
        <line num="161" type="stmt" count="1"/>
        <line num="165" type="stmt" count="1"/>
        <line num="166" type="stmt" count="1"/>
        <line num="167" type="stmt" count="1"/>
        <line num="168" type="stmt" count="1"/>
        <line num="171" type="stmt" count="1"/>
        <line num="172" type="stmt" count="1"/>
        <line num="173" type="stmt" count="1"/>
        <line num="177" type="stmt" count="1"/>
        <line num="178" type="stmt" count="1"/>
        <line num="179" type="stmt" count="1"/>
        <line num="182" type="stmt" count="1"/>
        <line num="196" type="method" name="each" visibility="public"
              complexity="4" crap="4" count="3"/>
        <line num="198" type="stmt" count="3"/>
        <line num="199" type="stmt" count="3"/>
        <line num="200" type="stmt" count="3"/>
        <line num="202" type="stmt" count="3"/>
        <line num="204" type="stmt" count="3"/>
        <line num="209" type="stmt" count="3"/>
        <line num="216" type="method" name="fetchMissionList"
              visibility="private" complexity="1" crap="1" count="8"/>
        <line num="218" type="stmt" count="8"/>
        <line num="219" type="stmt" count="8"/>
        <line num="220" type="stmt" count="8"/>
        <line num="221" type="stmt" count="8"/>
        <line num="223" type="stmt" count="8"/>
        <line num="224" type="stmt" count="8"/>
        <line num="225" type="stmt" count="8"/>
        <line num="229" type="stmt" count="8"/>
        <line num="230" type="stmt" count="8"/>
        <line num="233" type="stmt" count="8"/>
        <line num="237" type="stmt" count="8"/>
        <line num="247" type="method" name="fetchTemplates" visibility="private"
              complexity="4" crap="4" count="8"/>
        <line num="249" type="stmt" count="8"/>
        <line num="250" type="stmt" count="8"/>
        <line num="251" type="stmt" count="8"/>
        <line num="252" type="stmt" count="8"/>
        <line num="253" type="stmt" count="8"/>
        <line num="254" type="stmt" count="8"/>
        <line num="255" type="stmt" count="8"/>
        <line num="256" type="stmt" count="8"/>
        <line num="257" type="stmt" count="8"/>
        <line num="260" type="stmt" count="8"/>
        <line num="261" type="stmt" count="8"/>
        <line num="262" type="stmt" count="8"/>
        <line num="263" type="stmt" count="8"/>
        <line num="265" type="stmt" count="8"/>
        <line num="267" type="stmt" count="8"/>
        <line num="268" type="stmt" count="8"/>
        <line num="273" type="stmt" count="8"/>
        <line num="281" type="method" name="parseEpisodes" visibility="private"
              complexity="3" crap="3" count="8"/>
        <line num="283" type="stmt" count="8"/>
        <line num="284" type="stmt" count="8"/>
        <line num="285" type="stmt" count="8"/>
        <line num="288" type="stmt" count="8"/>
        <line num="297" type="method" name="parseEpisode" visibility="private"
              complexity="1" crap="1" count="8"/>
        <line num="299" type="stmt" count="8"/>
        <line num="300" type="stmt" count="8"/>
        <line num="301" type="stmt" count="8"/>
        <line num="302" type="method" name="anonymous function" complexity="1"
              crap="1" count="8"/>
        <line num="303" type="stmt" count="8"/>
        <line num="305" type="stmt" count="8"/>
        <line num="306" type="stmt" count="8"/>
        <line num="307" type="stmt" count="8"/>
        <line num="310" type="stmt" count="8"/>
        <line num="312" type="stmt" count="8"/>
        <line num="323" type="method" name="parseMissions" visibility="private"
              complexity="4" crap="4" count="8"/>
        <line num="325" type="stmt" count="8"/>
        <line num="326" type="stmt" count="8"/>
        <line num="327" type="stmt" count="8"/>
        <line num="329" type="stmt" count="8"/>
        <line num="330" type="stmt" count="8"/>
        <line num="331" type="stmt" count="8"/>
        <line num="332" type="stmt" count="8"/>
        <line num="334" type="stmt" count="8"/>
        <line num="338" type="stmt" count="8"/>
        <line num="347" type="method" name="fetchCadetCrew" visibility="private"
              complexity="4" crap="4" count="8"/>
        <line num="349" type="stmt" count="8"/>
        <line num="350" type="stmt" count="8"/>
        <line num="351" type="stmt" count="8"/>
        <line num="352" type="stmt" count="8"/>
        <line num="353" type="stmt" count="8"/>
        <line num="357" type="stmt" count="8"/>
        <line num="358" type="stmt" count="8"/>
        <line num="360" type="stmt" count="8"/>
        <line num="361" type="stmt" count="8"/>
        <line num="365" type="stmt" count="8"/>
        <line num="372" type="method" name="flattenSteps" visibility="private"
              complexity="8" crap="8" count="1"/>
        <line num="374" type="stmt" count="1"/>
        <line num="375" type="stmt" count="1"/>
        <line num="380" type="stmt" count="1"/>
        <line num="381" type="stmt" count="1"/>
        <line num="382" type="stmt" count="1"/>
        <line num="384" type="stmt" count="1"/>
        <line num="386" type="stmt" count="1"/>
        <line num="387" type="stmt" count="1"/>
        <line num="390" type="stmt" count="1"/>
        <line num="393" type="stmt" count="1"/>
        <line num="394" type="stmt" count="1"/>
        <line num="395" type="stmt" count="1"/>
        <line num="396" type="stmt" count="1"/>
        <line num="398" type="stmt" count="1"/>
        <line num="399" type="stmt" count="1"/>
        <line num="402" type="stmt" count="1"/>
        <line num="404" type="stmt" count="1"/>
        <metrics loc="405" ncloc="207" classes="1" methods="14"
                 coveredmethods="14" conditionals="0" coveredconditionals="0"
                 statements="138" coveredstatements="138" elements="152"
                 coveredelements="152"/>
      </file>
      <file name="src/Wiki/Templates/Triple.php">
        <class name="Triple" namespace="eidng8\Wiki\Templates">
          <metrics complexity="19" methods="7" coveredmethods="7"
                   conditionals="0" coveredconditionals="0" statements="37"
                   coveredstatements="37" elements="44" coveredelements="44"/>
        </class>
        <line num="28" type="method" name="anonymous function"
              visibility="public" complexity="2" crap="2" count="8"/>
        <line num="30" type="stmt" count="8"/>
        <line num="31" type="stmt" count="8"/>
        <line num="32" type="stmt" count="8"/>
        <line num="35" type="stmt" count="8"/>
        <line num="41" type="method" name="parse" visibility="public"
              complexity="9" crap="9" count="30"/>
        <line num="43" type="stmt" count="30"/>
        <line num="44" type="stmt" count="30"/>
        <line num="45" type="stmt" count="30"/>
        <line num="46" type="stmt" count="30"/>
        <line num="47" type="stmt" count="1"/>
        <line num="50" type="stmt" count="29"/>
        <line num="51" type="stmt" count="29"/>
        <line num="52" type="stmt" count="29"/>
        <line num="53" type="stmt" count="29"/>
        <line num="54" type="stmt" count="15"/>
        <line num="55" type="stmt" count="29"/>
        <line num="56" type="stmt" count="27"/>
        <line num="57" type="stmt" count="19"/>
        <line num="58" type="stmt" count="1"/>
        <line num="59" type="stmt" count="19"/>
        <line num="60" type="stmt" count="9"/>
        <line num="61" type="stmt" count="9"/>
        <line num="62" type="stmt" count="18"/>
        <line num="63" type="stmt" count="14"/>
        <line num="65" type="stmt" count="29"/>
        <line num="73" type="stmt" count="29"/>
        <line num="74" type="stmt" count="12"/>
        <line num="77" type="stmt" count="29"/>
        <line num="117" type="method" name="name" visibility="public"
              complexity="1" crap="1" count="16"/>
        <line num="119" type="stmt" count="16"/>
        <line num="129" type="method" name="normal" visibility="public"
              complexity="2" crap="2" count="26"/>
        <line num="131" type="stmt" count="26"/>
        <line num="135" type="stmt" count="26"/>
        <line num="145" type="method" name="elite" visibility="public"
              complexity="2" crap="2" count="27"/>
        <line num="147" type="stmt" count="27"/>
        <line num="148" type="stmt" count="9"/>
        <line num="151" type="stmt" count="27"/>
        <line num="161" type="method" name="epic" visibility="public"
              complexity="2" crap="2" count="27"/>
        <line num="163" type="stmt" count="27"/>
        <line num="164" type="stmt" count="9"/>
        <line num="167" type="stmt" count="27"/>
        <line num="173" type="method" name="isEmpty" visibility="public"
              complexity="1" crap="1" count="2"/>
        <line num="175" type="stmt" count="2"/>
        <metrics loc="177" ncloc="71" classes="1" methods="7" coveredmethods="7"
                 conditionals="0" coveredconditionals="0" statements="37"
                 coveredstatements="37" elements="44" coveredelements="44"/>
      </file>
    </package>
    <metrics files="32" loc="5323" ncloc="2439" classes="28" methods="209"
             coveredmethods="209" conditionals="0" coveredconditionals="0"
             statements="1158" coveredstatements="1158" elements="1367"
             coveredelements="1367"/>
  </project>
</coverage>
